1496548116815	geckodriver	INFO	Listening on 127.0.0.1:50344
1496548117884	geckodriver::marionette	INFO	Starting browser /Applications/Firefox.app/Contents/MacOS/firefox-bin with args ["-marionette"]
1496548119502	Marionette	INFO	Listening on port 50353
1496548119558	Marionette	WARN	TLS certificate errors will be ignored for this session
1496548119806	Marionette	INFO	New connections will no longer be accepted
1496548119849	geckodriver	INFO	Listening on 127.0.0.1:50395
1496548120901	geckodriver::marionette	INFO	Starting browser /Applications/Firefox.app/Contents/MacOS/firefox-bin with args ["-marionette"]
1496548122441	Marionette	INFO	Listening on port 50404
1496548122489	Marionette	WARN	TLS certificate errors will be ignored for this session
1496548122762	Marionette	INFO	New connections will no longer be accepted
1496548181163	geckodriver	INFO	Listening on 127.0.0.1:50454
1496548182218	geckodriver::marionette	INFO	Starting browser /Applications/Firefox.app/Contents/MacOS/firefox-bin with args ["-marionette"]
1496548183731	Marionette	INFO	Listening on port 50463
1496548183787	Marionette	WARN	TLS certificate errors will be ignored for this session
1496548184032	Marionette	INFO	New connections will no longer be accepted
1496548184126	geckodriver	INFO	Listening on 127.0.0.1:50501
1496548185175	geckodriver::marionette	INFO	Starting browser /Applications/Firefox.app/Contents/MacOS/firefox-bin with args ["-marionette"]
1496548186714	Marionette	INFO	Listening on port 50510
1496548186755	Marionette	WARN	TLS certificate errors will be ignored for this session
1496548187013	Marionette	INFO	New connections will no longer be accepted
1496548606819	geckodriver	INFO	Listening on 127.0.0.1:50569
1496548607871	geckodriver::marionette	INFO	Starting browser /Applications/Firefox.app/Contents/MacOS/firefox-bin with args ["-marionette"]
1496548609400	Marionette	INFO	Listening on port 50578
1496548609446	Marionette	WARN	TLS certificate errors will be ignored for this session
1496548609707	Marionette	INFO	New connections will no longer be accepted
1496548609755	geckodriver	INFO	Listening on 127.0.0.1:50619
1496548610804	geckodriver::marionette	INFO	Starting browser /Applications/Firefox.app/Contents/MacOS/firefox-bin with args ["-marionette"]
1496548612281	Marionette	INFO	Listening on port 50628
1496548612370	Marionette	WARN	TLS certificate errors will be ignored for this session
1496548612582	Marionette	INFO	New connections will no longer be accepted
1496548745107	geckodriver	INFO	Listening on 127.0.0.1:50705
1496548746162	geckodriver::marionette	INFO	Starting browser /Applications/Firefox.app/Contents/MacOS/firefox-bin with args ["-marionette"]
1496548747713	Marionette	INFO	Listening on port 50714
1496548747762	Marionette	WARN	TLS certificate errors will be ignored for this session
1496548748025	Marionette	INFO	New connections will no longer be accepted
1496548748076	geckodriver	INFO	Listening on 127.0.0.1:50755
1496548749126	geckodriver::marionette	INFO	Starting browser /Applications/Firefox.app/Contents/MacOS/firefox-bin with args ["-marionette"]
1496548750627	Marionette	INFO	Listening on port 50764
1496548750694	Marionette	WARN	TLS certificate errors will be ignored for this session
1496548750943	Marionette	INFO	New connections will no longer be accepted
1496549472482	geckodriver	INFO	Listening on 127.0.0.1:50887
1496549473546	geckodriver::marionette	INFO	Starting browser /Applications/Firefox.app/Contents/MacOS/firefox-bin with args ["-marionette"]
1496549475136	Marionette	INFO	Listening on port 50899
1496549475220	Marionette	WARN	TLS certificate errors will be ignored for this session
1496549475445	Marionette	INFO	New connections will no longer be accepted
1496549475504	geckodriver	INFO	Listening on 127.0.0.1:50940
1496549476552	geckodriver::marionette	INFO	Starting browser /Applications/Firefox.app/Contents/MacOS/firefox-bin with args ["-marionette"]
1496549478073	Marionette	INFO	Listening on port 50949
1496549478129	Marionette	WARN	TLS certificate errors will be ignored for this session
1496549478396	Marionette	INFO	New connections will no longer be accepted
1496549836012	geckodriver	INFO	Listening on 127.0.0.1:51077
1496549837081	geckodriver::marionette	INFO	Starting browser /Applications/Firefox.app/Contents/MacOS/firefox-bin with args ["-marionette"]
1496549838641	Marionette	INFO	Listening on port 51086
1496549838746	Marionette	WARN	TLS certificate errors will be ignored for this session
1496549838941	Marionette	INFO	New connections will no longer be accepted
1496549838987	geckodriver	INFO	Listening on 127.0.0.1:51129
1496549840037	geckodriver::marionette	INFO	Starting browser /Applications/Firefox.app/Contents/MacOS/firefox-bin with args ["-marionette"]
1496549841535	Marionette	INFO	Listening on port 51138
1496549841601	Marionette	WARN	TLS certificate errors will be ignored for this session
1496549841840	Marionette	INFO	New connections will no longer be accepted
1496550097193	geckodriver	INFO	Listening on 127.0.0.1:51222
1496550098240	geckodriver::marionette	INFO	Starting browser /Applications/Firefox.app/Contents/MacOS/firefox-bin with args ["-marionette"]
1496550099889	Marionette	INFO	Listening on port 51231
1496550099937	Marionette	WARN	TLS certificate errors will be ignored for this session
2017-06-04 04:21:40.243 plugin-container[13167:1515332] *** CFMessagePort: bootstrap_register(): failed 1100 (0x44c) 'Permission denied', port = 0x9e3b, name = 'com.apple.tsm.portname'
See /usr/include/servers/bootstrap_defs.h for the error codes.
2017-06-04 04:21:40.244 plugin-container[13167:1515332] *** CFMessagePort: bootstrap_register(): failed 1100 (0x44c) 'Permission denied', port = 0xa103, name = 'com.apple.CFPasteboardClient'
See /usr/include/servers/bootstrap_defs.h for the error codes.
1496550101392	Marionette	INFO	New connections will no longer be accepted
1496550101464	geckodriver	INFO	Listening on 127.0.0.1:51292
1496550102511	geckodriver::marionette	INFO	Starting browser /Applications/Firefox.app/Contents/MacOS/firefox-bin with args ["-marionette"]
1496550104012	Marionette	INFO	Listening on port 51301
1496550104085	Marionette	WARN	TLS certificate errors will be ignored for this session
2017-06-04 04:21:44.379 plugin-container[13175:1517086] *** CFMessagePort: bootstrap_register(): failed 1100 (0x44c) 'Permission denied', port = 0x9f3b, name = 'com.apple.tsm.portname'
See /usr/include/servers/bootstrap_defs.h for the error codes.
2017-06-04 04:21:44.380 plugin-container[13175:1517086] *** CFMessagePort: bootstrap_register(): failed 1100 (0x44c) 'Permission denied', port = 0xa303, name = 'com.apple.CFPasteboardClient'
See /usr/include/servers/bootstrap_defs.h for the error codes.
1496550105938	Marionette	INFO	New connections will no longer be accepted
1496550393673	geckodriver	INFO	Listening on 127.0.0.1:51452
1496550394719	geckodriver::marionette	INFO	Starting browser /Applications/Firefox.app/Contents/MacOS/firefox-bin with args ["-marionette"]
1496550396248	Marionette	INFO	Listening on port 51461
1496550396293	Marionette	WARN	TLS certificate errors will be ignored for this session
2017-06-04 04:26:36.601 plugin-container[13467:1592667] *** CFMessagePort: bootstrap_register(): failed 1100 (0x44c) 'Permission denied', port = 0x9e3b, name = 'com.apple.tsm.portname'
See /usr/include/servers/bootstrap_defs.h for the error codes.
2017-06-04 04:26:36.602 plugin-container[13467:1592667] *** CFMessagePort: bootstrap_register(): failed 1100 (0x44c) 'Permission denied', port = 0xa203, name = 'com.apple.CFPasteboardClient'
See /usr/include/servers/bootstrap_defs.h for the error codes.
1496550399513	Marionette	INFO	New connections will no longer be accepted
1496550399584	geckodriver	INFO	Listening on 127.0.0.1:51523
1496550400633	geckodriver::marionette	INFO	Starting browser /Applications/Firefox.app/Contents/MacOS/firefox-bin with args ["-marionette"]
1496550402127	Marionette	INFO	Listening on port 51533
1496550402200	Marionette	WARN	TLS certificate errors will be ignored for this session
2017-06-04 04:26:42.484 plugin-container[13485:1595004] *** CFMessagePort: bootstrap_register(): failed 1100 (0x44c) 'Permission denied', port = 0x9e3b, name = 'com.apple.tsm.portname'
See /usr/include/servers/bootstrap_defs.h for the error codes.
2017-06-04 04:26:42.485 plugin-container[13485:1595004] *** CFMessagePort: bootstrap_register(): failed 1100 (0x44c) 'Permission denied', port = 0xa103, name = 'com.apple.CFPasteboardClient'
See /usr/include/servers/bootstrap_defs.h for the error codes.
1496550404007	Marionette	INFO	New connections will no longer be accepted
1496550526272	geckodriver	INFO	Listening on 127.0.0.1:51621
1496550527323	geckodriver::marionette	INFO	Starting browser /Applications/Firefox.app/Contents/MacOS/firefox-bin with args ["-marionette"]
1496550528855	Marionette	INFO	Listening on port 51630
1496550528907	Marionette	WARN	TLS certificate errors will be ignored for this session
2017-06-04 04:28:49.215 plugin-container[13630:1629846] *** CFMessagePort: bootstrap_register(): failed 1100 (0x44c) 'Permission denied', port = 0x9e3b, name = 'com.apple.tsm.portname'
See /usr/include/servers/bootstrap_defs.h for the error codes.
2017-06-04 04:28:49.215 plugin-container[13630:1629846] *** CFMessagePort: bootstrap_register(): failed 1100 (0x44c) 'Permission denied', port = 0xa203, name = 'com.apple.CFPasteboardClient'
See /usr/include/servers/bootstrap_defs.h for the error codes.
1496550531254	Marionette	INFO	New connections will no longer be accepted
1496550531321	geckodriver	INFO	Listening on 127.0.0.1:51693
1496550532373	geckodriver::marionette	INFO	Starting browser /Applications/Firefox.app/Contents/MacOS/firefox-bin with args ["-marionette"]
1496550533873	Marionette	INFO	Listening on port 51704
1496550533939	Marionette	WARN	TLS certificate errors will be ignored for this session
2017-06-04 04:28:54.238 plugin-container[13639:1631805] *** CFMessagePort: bootstrap_register(): failed 1100 (0x44c) 'Permission denied', port = 0x9f3b, name = 'com.apple.tsm.portname'
See /usr/include/servers/bootstrap_defs.h for the error codes.
2017-06-04 04:28:54.239 plugin-container[13639:1631805] *** CFMessagePort: bootstrap_register(): failed 1100 (0x44c) 'Permission denied', port = 0xa203, name = 'com.apple.CFPasteboardClient'
See /usr/include/servers/bootstrap_defs.h for the error codes.
1496550536100	Marionette	INFO	New connections will no longer be accepted
1496550673377	geckodriver	INFO	Listening on 127.0.0.1:51897
1496550674425	geckodriver::marionette	INFO	Starting browser /Applications/Firefox.app/Contents/MacOS/firefox-bin with args ["-marionette"]
1496550675949	Marionette	INFO	Listening on port 51910
1496550676005	Marionette	WARN	TLS certificate errors will be ignored for this session
2017-06-04 04:31:16.309 plugin-container[13806:1670591] *** CFMessagePort: bootstrap_register(): failed 1100 (0x44c) 'Permission denied', port = 0x9e3b, name = 'com.apple.tsm.portname'
See /usr/include/servers/bootstrap_defs.h for the error codes.
2017-06-04 04:31:16.310 plugin-container[13806:1670591] *** CFMessagePort: bootstrap_register(): failed 1100 (0x44c) 'Permission denied', port = 0xa203, name = 'com.apple.CFPasteboardClient'
See /usr/include/servers/bootstrap_defs.h for the error codes.
1496550677324	Marionette	INFO	New connections will no longer be accepted
1496550677393	geckodriver	INFO	Listening on 127.0.0.1:51977
1496550678443	geckodriver::marionette	INFO	Starting browser /Applications/Firefox.app/Contents/MacOS/firefox-bin with args ["-marionette"]
1496550679957	Marionette	INFO	Listening on port 51991
1496550680007	Marionette	WARN	TLS certificate errors will be ignored for this session
2017-06-04 04:31:20.317 plugin-container[13811:1672247] *** CFMessagePort: bootstrap_register(): failed 1100 (0x44c) 'Permission denied', port = 0x9d3b, name = 'com.apple.tsm.portname'
See /usr/include/servers/bootstrap_defs.h for the error codes.
2017-06-04 04:31:20.318 plugin-container[13811:1672247] *** CFMessagePort: bootstrap_register(): failed 1100 (0x44c) 'Permission denied', port = 0xa103, name = 'com.apple.CFPasteboardClient'
See /usr/include/servers/bootstrap_defs.h for the error codes.
1496550682181	Marionette	INFO	New connections will no longer be accepted
1496550698871	geckodriver	INFO	Listening on 127.0.0.1:52133
1496550699920	geckodriver::marionette	INFO	Starting browser /Applications/Firefox.app/Contents/MacOS/firefox-bin with args ["-marionette"]
1496550701431	Marionette	INFO	Listening on port 52146
1496550701492	Marionette	WARN	TLS certificate errors will be ignored for this session
2017-06-04 04:31:41.778 plugin-container[13938:1678976] *** CFMessagePort: bootstrap_register(): failed 1100 (0x44c) 'Permission denied', port = 0x9e3b, name = 'com.apple.tsm.portname'
See /usr/include/servers/bootstrap_defs.h for the error codes.
2017-06-04 04:31:41.779 plugin-container[13938:1678976] *** CFMessagePort: bootstrap_register(): failed 1100 (0x44c) 'Permission denied', port = 0xa103, name = 'com.apple.CFPasteboardClient'
See /usr/include/servers/bootstrap_defs.h for the error codes.
1496550702725	Marionette	INFO	New connections will no longer be accepted
1496550702793	geckodriver	INFO	Listening on 127.0.0.1:52214
1496550703838	geckodriver::marionette	INFO	Starting browser /Applications/Firefox.app/Contents/MacOS/firefox-bin with args ["-marionette"]
1496550705356	Marionette	INFO	Listening on port 52227
1496550705410	Marionette	WARN	TLS certificate errors will be ignored for this session
2017-06-04 04:31:45.727 plugin-container[13946:1680608] *** CFMessagePort: bootstrap_register(): failed 1100 (0x44c) 'Permission denied', port = 0x9d3b, name = 'com.apple.tsm.portname'
See /usr/include/servers/bootstrap_defs.h for the error codes.
2017-06-04 04:31:45.728 plugin-container[13946:1680608] *** CFMessagePort: bootstrap_register(): failed 1100 (0x44c) 'Permission denied', port = 0xa003, name = 'com.apple.CFPasteboardClient'
See /usr/include/servers/bootstrap_defs.h for the error codes.
1496550706910	Marionette	INFO	New connections will no longer be accepted
